30.09.2014 00:05:42 [JavaFX Application Thread] DEBUG memo.view.CustomAccordion  - addSelectedSectionListener
30.09.2014 00:05:42 [JavaFX Application Thread] DEBUG memo.view.CustomAccordion  - addMainAccordionHeightListener
30.09.2014 00:05:42 [JavaFX Application Thread] DEBUG memo.view.CustomAccordion  - handleAddSectionButtonClick
30.09.2014 00:06:11 [JavaFX Application Thread] DEBUG memo.view.CustomAccordion  - showUserCards
30.09.2014 00:06:11 [JavaFX Application Thread] DEBUG memo.view.CustomAccordion  - addSection
30.09.2014 00:06:11 [JavaFX Application Thread] DEBUG memo.view.CustomAccordion  - addSectionAccordionHeightListener
30.09.2014 00:06:11 [JavaFX Application Thread] DEBUG memo.view.CustomAccordion  - setSectionScrollPaneLook
30.09.2014 00:06:11 [JavaFX Application Thread] DEBUG memo.view.CustomAccordion  - setSectionVBoxLook
30.09.2014 00:06:11 [JavaFX Application Thread] DEBUG memo.view.CustomAccordion  - setSectionPaneLook
30.09.2014 00:06:11 [JavaFX Application Thread] DEBUG memo.view.CustomAccordion  - initSectionCheckBox
30.09.2014 00:06:11 [JavaFX Application Thread] DEBUG memo.view.CustomAccordion  - addCheckBox
30.09.2014 00:06:11 [JavaFX Application Thread] DEBUG memo.view.CustomAccordion  - handleSectionCheckBoxClick
30.09.2014 00:06:11 [JavaFX Application Thread] DEBUG memo.view.CustomAccordion  - sectionSelected
30.09.2014 00:06:11 [JavaFX Application Thread] DEBUG memo.view.CustomAccordion  - addSelectedCardSetListener
30.09.2014 00:06:11 [JavaFX Application Thread] DEBUG memo.view.CustomAccordion  - addCardSetButton
30.09.2014 00:06:11 [JavaFX Application Thread] DEBUG memo.view.CustomAccordion  - setAddCardSetButtonLook
30.09.2014 00:06:11 [JavaFX Application Thread] DEBUG memo.view.CustomAccordion  - handleAddCardSetButtonClick
30.09.2014 00:06:11 [JavaFX Application Thread] DEBUG memo.view.CustomAccordion  - addCardSet
30.09.2014 00:06:11 [JavaFX Application Thread] DEBUG memo.view.CustomAccordion  - getSectionAccordion
30.09.2014 00:06:11 [JavaFX Application Thread] DEBUG memo.view.CustomAccordion  - setCardSetListViewLook
30.09.2014 00:06:11 [JavaFX Application Thread] DEBUG memo.view.CustomAccordion  - setCardSetVBoxLook
30.09.2014 00:06:11 [JavaFX Application Thread] DEBUG memo.view.CustomAccordion  - setCardSetPaneLook
30.09.2014 00:06:11 [JavaFX Application Thread] DEBUG memo.view.CustomAccordion  - addSelectedCardListener
30.09.2014 00:06:11 [JavaFX Application Thread] DEBUG memo.view.CustomAccordion  - initCardSetCheckBox
30.09.2014 00:06:11 [JavaFX Application Thread] DEBUG memo.view.CustomAccordion  - getSectionAccordion
30.09.2014 00:06:11 [JavaFX Application Thread] DEBUG memo.view.CustomAccordion  - addCheckBox
30.09.2014 00:06:11 [JavaFX Application Thread] DEBUG memo.view.CustomAccordion  - handleCardSetCheckBoxClick
30.09.2014 00:06:11 [JavaFX Application Thread] DEBUG memo.view.CustomAccordion  - initCardListCheckBoxes
30.09.2014 00:06:11 [JavaFX Application Thread] DEBUG memo.view.CustomAccordion  - setCardSetListViewCellFactory
30.09.2014 00:06:11 [JavaFX Application Thread] DEBUG memo.view.CustomAccordion  - addCardButton
30.09.2014 00:06:11 [JavaFX Application Thread] DEBUG memo.view.CustomAccordion  - setAddCardButtonLook
30.09.2014 00:06:11 [JavaFX Application Thread] DEBUG memo.view.CustomAccordion  - handleAddCardButtonClick
30.09.2014 00:06:11 [JavaFX Application Thread] DEBUG memo.view.CustomAccordion  - addCardSet
30.09.2014 00:06:11 [JavaFX Application Thread] DEBUG memo.view.CustomAccordion  - getSectionAccordion
30.09.2014 00:06:11 [JavaFX Application Thread] DEBUG memo.view.CustomAccordion  - setCardSetListViewLook
30.09.2014 00:06:11 [JavaFX Application Thread] DEBUG memo.view.CustomAccordion  - setCardSetVBoxLook
30.09.2014 00:06:11 [JavaFX Application Thread] DEBUG memo.view.CustomAccordion  - setCardSetPaneLook
30.09.2014 00:06:11 [JavaFX Application Thread] DEBUG memo.view.CustomAccordion  - addSelectedCardListener
30.09.2014 00:06:11 [JavaFX Application Thread] DEBUG memo.view.CustomAccordion  - initCardSetCheckBox
30.09.2014 00:06:11 [JavaFX Application Thread] DEBUG memo.view.CustomAccordion  - getSectionAccordion
30.09.2014 00:06:11 [JavaFX Application Thread] DEBUG memo.view.CustomAccordion  - addCheckBox
30.09.2014 00:06:11 [JavaFX Application Thread] DEBUG memo.view.CustomAccordion  - handleCardSetCheckBoxClick
30.09.2014 00:06:11 [JavaFX Application Thread] DEBUG memo.view.CustomAccordion  - initCardListCheckBoxes
30.09.2014 00:06:11 [JavaFX Application Thread] DEBUG memo.view.CustomAccordion  - setCardSetListViewCellFactory
30.09.2014 00:06:11 [JavaFX Application Thread] DEBUG memo.view.CustomAccordion  - addCardButton
30.09.2014 00:06:11 [JavaFX Application Thread] DEBUG memo.view.CustomAccordion  - setAddCardButtonLook
30.09.2014 00:06:11 [JavaFX Application Thread] DEBUG memo.view.CustomAccordion  - handleAddCardButtonClick
30.09.2014 00:06:15 [JavaFX Application Thread] DEBUG memo.view.CustomAccordion  - sectionSelected
30.09.2014 00:06:16 [JavaFX Application Thread] DEBUG memo.view.CustomAccordion  - sectionSelected
30.09.2014 00:06:25 [JavaFX Application Thread] DEBUG memo.view.CustomAccordion  - removeSection
30.09.2014 00:06:25 [JavaFX Application Thread] DEBUG memo.view.CustomAccordion  - sectionSelected
30.09.2014 00:11:45 [JavaFX Application Thread] DEBUG memo.view.CustomAccordion  - addSelectedSectionListener
30.09.2014 00:11:45 [JavaFX Application Thread] DEBUG memo.view.CustomAccordion  - addMainAccordionHeightListener
30.09.2014 00:11:45 [JavaFX Application Thread] DEBUG memo.view.CustomAccordion  - handleAddSectionButtonClick
30.09.2014 00:11:50 [JavaFX Application Thread] DEBUG memo.view.CustomAccordion  - showUserCards
30.09.2014 00:11:50 [JavaFX Application Thread] DEBUG memo.view.CustomAccordion  - addSection
30.09.2014 00:11:50 [JavaFX Application Thread] DEBUG memo.view.CustomAccordion  - addSectionAccordionHeightListener
30.09.2014 00:11:50 [JavaFX Application Thread] DEBUG memo.view.CustomAccordion  - setSectionScrollPaneLook
30.09.2014 00:11:50 [JavaFX Application Thread] DEBUG memo.view.CustomAccordion  - setSectionVBoxLook
30.09.2014 00:11:50 [JavaFX Application Thread] DEBUG memo.view.CustomAccordion  - setSectionPaneLook
30.09.2014 00:11:50 [JavaFX Application Thread] DEBUG memo.view.CustomAccordion  - initSectionCheckBox
30.09.2014 00:11:50 [JavaFX Application Thread] DEBUG memo.view.CustomAccordion  - addCheckBox
30.09.2014 00:11:50 [JavaFX Application Thread] DEBUG memo.view.CustomAccordion  - handleSectionCheckBoxClick
30.09.2014 00:11:50 [JavaFX Application Thread] DEBUG memo.view.CustomAccordion  - sectionSelected
30.09.2014 00:11:50 [JavaFX Application Thread] DEBUG memo.view.CustomAccordion  - addSelectedCardSetListener
30.09.2014 00:11:50 [JavaFX Application Thread] DEBUG memo.view.CustomAccordion  - addCardSetButton
30.09.2014 00:11:50 [JavaFX Application Thread] DEBUG memo.view.CustomAccordion  - setAddCardSetButtonLook
30.09.2014 00:11:50 [JavaFX Application Thread] DEBUG memo.view.CustomAccordion  - handleAddCardSetButtonClick
30.09.2014 00:11:50 [JavaFX Application Thread] DEBUG memo.view.CustomAccordion  - addCardSet
30.09.2014 00:11:50 [JavaFX Application Thread] DEBUG memo.view.CustomAccordion  - getSectionAccordion
30.09.2014 00:11:50 [JavaFX Application Thread] DEBUG memo.view.CustomAccordion  - setCardSetListViewLook
30.09.2014 00:11:50 [JavaFX Application Thread] DEBUG memo.view.CustomAccordion  - setCardSetVBoxLook
30.09.2014 00:11:50 [JavaFX Application Thread] DEBUG memo.view.CustomAccordion  - setCardSetPaneLook
30.09.2014 00:11:50 [JavaFX Application Thread] DEBUG memo.view.CustomAccordion  - addSelectedCardListener
30.09.2014 00:11:50 [JavaFX Application Thread] DEBUG memo.view.CustomAccordion  - initCardSetCheckBox
30.09.2014 00:11:50 [JavaFX Application Thread] DEBUG memo.view.CustomAccordion  - getSectionAccordion
30.09.2014 00:11:50 [JavaFX Application Thread] DEBUG memo.view.CustomAccordion  - addCheckBox
30.09.2014 00:11:50 [JavaFX Application Thread] DEBUG memo.view.CustomAccordion  - handleCardSetCheckBoxClick
30.09.2014 00:11:50 [JavaFX Application Thread] DEBUG memo.view.CustomAccordion  - initCardListCheckBoxes
30.09.2014 00:11:50 [JavaFX Application Thread] DEBUG memo.view.CustomAccordion  - setCardSetListViewCellFactory
30.09.2014 00:11:50 [JavaFX Application Thread] DEBUG memo.view.CustomAccordion  - addCardButton
30.09.2014 00:11:50 [JavaFX Application Thread] DEBUG memo.view.CustomAccordion  - setAddCardButtonLook
30.09.2014 00:11:50 [JavaFX Application Thread] DEBUG memo.view.CustomAccordion  - handleAddCardButtonClick
30.09.2014 00:11:50 [JavaFX Application Thread] DEBUG memo.view.CustomAccordion  - addCardSet
30.09.2014 00:11:50 [JavaFX Application Thread] DEBUG memo.view.CustomAccordion  - getSectionAccordion
30.09.2014 00:11:50 [JavaFX Application Thread] DEBUG memo.view.CustomAccordion  - setCardSetListViewLook
30.09.2014 00:11:50 [JavaFX Application Thread] DEBUG memo.view.CustomAccordion  - setCardSetVBoxLook
30.09.2014 00:11:50 [JavaFX Application Thread] DEBUG memo.view.CustomAccordion  - setCardSetPaneLook
30.09.2014 00:11:50 [JavaFX Application Thread] DEBUG memo.view.CustomAccordion  - addSelectedCardListener
30.09.2014 00:11:50 [JavaFX Application Thread] DEBUG memo.view.CustomAccordion  - initCardSetCheckBox
30.09.2014 00:11:50 [JavaFX Application Thread] DEBUG memo.view.CustomAccordion  - getSectionAccordion
30.09.2014 00:11:50 [JavaFX Application Thread] DEBUG memo.view.CustomAccordion  - addCheckBox
30.09.2014 00:11:50 [JavaFX Application Thread] DEBUG memo.view.CustomAccordion  - handleCardSetCheckBoxClick
30.09.2014 00:11:50 [JavaFX Application Thread] DEBUG memo.view.CustomAccordion  - initCardListCheckBoxes
30.09.2014 00:11:50 [JavaFX Application Thread] DEBUG memo.view.CustomAccordion  - setCardSetListViewCellFactory
30.09.2014 00:11:50 [JavaFX Application Thread] DEBUG memo.view.CustomAccordion  - addCardButton
30.09.2014 00:11:50 [JavaFX Application Thread] DEBUG memo.view.CustomAccordion  - setAddCardButtonLook
30.09.2014 00:11:50 [JavaFX Application Thread] DEBUG memo.view.CustomAccordion  - handleAddCardButtonClick
30.09.2014 00:11:50 [JavaFX Application Thread] DEBUG memo.view.CustomAccordion  - mainAccordionHeightChanged
30.09.2014 00:11:50 [JavaFX Application Thread] DEBUG memo.view.CustomAccordion  - sectionAccordionHeightChanged
30.09.2014 00:11:50 [JavaFX Application Thread] DEBUG memo.view.CustomAccordion  - mainAccordionHeightChanged
30.09.2014 00:11:52 [JavaFX Application Thread] DEBUG memo.view.CustomAccordion  - sectionSelected
30.09.2014 00:11:52 [JavaFX Application Thread] DEBUG memo.view.CustomAccordion  - mainAccordionHeightChanged
30.09.2014 00:11:52 [JavaFX Application Thread] DEBUG memo.view.CustomAccordion  - mainAccordionHeightChanged
30.09.2014 00:11:52 [JavaFX Application Thread] DEBUG memo.view.CustomAccordion  - mainAccordionHeightChanged
30.09.2014 00:11:52 [JavaFX Application Thread] DEBUG memo.view.CustomAccordion  - mainAccordionHeightChanged
30.09.2014 00:11:52 [JavaFX Application Thread] DEBUG memo.view.CustomAccordion  - mainAccordionHeightChanged
30.09.2014 00:11:52 [JavaFX Application Thread] DEBUG memo.view.CustomAccordion  - mainAccordionHeightChanged
30.09.2014 00:11:52 [JavaFX Application Thread] DEBUG memo.view.CustomAccordion  - mainAccordionHeightChanged
30.09.2014 00:11:52 [JavaFX Application Thread] DEBUG memo.view.CustomAccordion  - mainAccordionHeightChanged
30.09.2014 00:11:52 [JavaFX Application Thread] DEBUG memo.view.CustomAccordion  - mainAccordionHeightChanged
30.09.2014 00:11:52 [JavaFX Application Thread] DEBUG memo.view.CustomAccordion  - mainAccordionHeightChanged
30.09.2014 00:11:52 [JavaFX Application Thread] DEBUG memo.view.CustomAccordion  - mainAccordionHeightChanged
30.09.2014 00:11:52 [JavaFX Application Thread] DEBUG memo.view.CustomAccordion  - mainAccordionHeightChanged
30.09.2014 00:11:52 [JavaFX Application Thread] DEBUG memo.view.CustomAccordion  - mainAccordionHeightChanged
30.09.2014 00:11:52 [JavaFX Application Thread] DEBUG memo.view.CustomAccordion  - mainAccordionHeightChanged
30.09.2014 00:11:52 [JavaFX Application Thread] DEBUG memo.view.CustomAccordion  - mainAccordionHeightChanged
30.09.2014 00:11:52 [JavaFX Application Thread] DEBUG memo.view.CustomAccordion  - mainAccordionHeightChanged
30.09.2014 00:11:52 [JavaFX Application Thread] DEBUG memo.view.CustomAccordion  - mainAccordionHeightChanged
30.09.2014 00:11:52 [JavaFX Application Thread] DEBUG memo.view.CustomAccordion  - mainAccordionHeightChanged
30.09.2014 00:11:52 [JavaFX Application Thread] DEBUG memo.view.CustomAccordion  - mainAccordionHeightChanged
30.09.2014 00:11:52 [JavaFX Application Thread] DEBUG memo.view.CustomAccordion  - mainAccordionHeightChanged
30.09.2014 00:11:52 [JavaFX Application Thread] DEBUG memo.view.CustomAccordion  - mainAccordionHeightChanged
30.09.2014 00:11:52 [JavaFX Application Thread] DEBUG memo.view.CustomAccordion  - mainAccordionHeightChanged
30.09.2014 00:11:52 [JavaFX Application Thread] DEBUG memo.view.CustomAccordion  - sectionSelected
30.09.2014 00:11:52 [JavaFX Application Thread] DEBUG memo.view.CustomAccordion  - mainAccordionHeightChanged
30.09.2014 00:11:52 [JavaFX Application Thread] DEBUG memo.view.CustomAccordion  - mainAccordionHeightChanged
30.09.2014 00:11:52 [JavaFX Application Thread] DEBUG memo.view.CustomAccordion  - mainAccordionHeightChanged
30.09.2014 00:11:52 [JavaFX Application Thread] DEBUG memo.view.CustomAccordion  - mainAccordionHeightChanged
30.09.2014 00:11:52 [JavaFX Application Thread] DEBUG memo.view.CustomAccordion  - mainAccordionHeightChanged
30.09.2014 00:11:52 [JavaFX Application Thread] DEBUG memo.view.CustomAccordion  - mainAccordionHeightChanged
30.09.2014 00:11:52 [JavaFX Application Thread] DEBUG memo.view.CustomAccordion  - mainAccordionHeightChanged
30.09.2014 00:11:52 [JavaFX Application Thread] DEBUG memo.view.CustomAccordion  - mainAccordionHeightChanged
30.09.2014 00:11:52 [JavaFX Application Thread] DEBUG memo.view.CustomAccordion  - mainAccordionHeightChanged
30.09.2014 00:11:52 [JavaFX Application Thread] DEBUG memo.view.CustomAccordion  - mainAccordionHeightChanged
30.09.2014 00:11:52 [JavaFX Application Thread] DEBUG memo.view.CustomAccordion  - mainAccordionHeightChanged
30.09.2014 00:11:52 [JavaFX Application Thread] DEBUG memo.view.CustomAccordion  - mainAccordionHeightChanged
30.09.2014 00:11:52 [JavaFX Application Thread] DEBUG memo.view.CustomAccordion  - mainAccordionHeightChanged
30.09.2014 00:11:52 [JavaFX Application Thread] DEBUG memo.view.CustomAccordion  - mainAccordionHeightChanged
30.09.2014 00:11:53 [JavaFX Application Thread] DEBUG memo.view.CustomAccordion  - mainAccordionHeightChanged
30.09.2014 00:11:53 [JavaFX Application Thread] DEBUG memo.view.CustomAccordion  - mainAccordionHeightChanged
30.09.2014 00:11:53 [JavaFX Application Thread] DEBUG memo.view.CustomAccordion  - mainAccordionHeightChanged
30.09.2014 00:11:53 [JavaFX Application Thread] DEBUG memo.view.CustomAccordion  - mainAccordionHeightChanged
30.09.2014 00:11:53 [JavaFX Application Thread] DEBUG memo.view.CustomAccordion  - mainAccordionHeightChanged
30.09.2014 00:11:53 [JavaFX Application Thread] DEBUG memo.view.CustomAccordion  - mainAccordionHeightChanged
30.09.2014 00:11:53 [JavaFX Application Thread] DEBUG memo.view.CustomAccordion  - mainAccordionHeightChanged
30.09.2014 00:11:56 [JavaFX Application Thread] DEBUG memo.view.CustomAccordion  - removeSection
30.09.2014 00:11:56 [JavaFX Application Thread] DEBUG memo.view.CustomAccordion  - sectionSelected
30.09.2014 00:11:56 [JavaFX Application Thread] DEBUG memo.view.CustomAccordion  - mainAccordionHeightChanged
30.09.2014 00:18:49 [JavaFX Application Thread] DEBUG memo.view.CustomAccordion  - addSelectedSectionListener
30.09.2014 00:18:49 [JavaFX Application Thread] DEBUG memo.view.CustomAccordion  - handleAddSectionButtonClick
30.09.2014 00:18:54 [JavaFX Application Thread] DEBUG memo.view.CustomAccordion  - showUserCards
30.09.2014 00:18:54 [JavaFX Application Thread] DEBUG memo.view.CustomAccordion  - addSection
30.09.2014 00:18:54 [JavaFX Application Thread] DEBUG memo.view.CustomAccordion  - setSectionScrollPaneLook
30.09.2014 00:18:54 [JavaFX Application Thread] DEBUG memo.view.CustomAccordion  - setSectionVBoxLook
30.09.2014 00:18:54 [JavaFX Application Thread] DEBUG memo.view.CustomAccordion  - setSectionPaneLook
30.09.2014 00:18:54 [JavaFX Application Thread] DEBUG memo.view.CustomAccordion  - initSectionCheckBox
30.09.2014 00:18:54 [JavaFX Application Thread] DEBUG memo.view.CustomAccordion  - addCheckBox
30.09.2014 00:18:54 [JavaFX Application Thread] DEBUG memo.view.CustomAccordion  - handleSectionCheckBoxClick
30.09.2014 00:18:54 [JavaFX Application Thread] DEBUG memo.view.CustomAccordion  - sectionSelected
30.09.2014 00:18:54 [JavaFX Application Thread] DEBUG memo.view.CustomAccordion  - addSelectedCardSetListener
30.09.2014 00:18:54 [JavaFX Application Thread] DEBUG memo.view.CustomAccordion  - addCardSetButton
30.09.2014 00:18:54 [JavaFX Application Thread] DEBUG memo.view.CustomAccordion  - setAddCardSetButtonLook
30.09.2014 00:18:54 [JavaFX Application Thread] DEBUG memo.view.CustomAccordion  - handleAddCardSetButtonClick
30.09.2014 00:18:54 [JavaFX Application Thread] DEBUG memo.view.CustomAccordion  - addCardSet
30.09.2014 00:18:54 [JavaFX Application Thread] DEBUG memo.view.CustomAccordion  - getSectionAccordion
30.09.2014 00:18:54 [JavaFX Application Thread] DEBUG memo.view.CustomAccordion  - setCardSetListViewLook
30.09.2014 00:18:54 [JavaFX Application Thread] DEBUG memo.view.CustomAccordion  - setCardSetVBoxLook
30.09.2014 00:18:54 [JavaFX Application Thread] DEBUG memo.view.CustomAccordion  - setCardSetPaneLook
30.09.2014 00:18:54 [JavaFX Application Thread] DEBUG memo.view.CustomAccordion  - addSelectedCardListener
30.09.2014 00:18:54 [JavaFX Application Thread] DEBUG memo.view.CustomAccordion  - initCardSetCheckBox
30.09.2014 00:18:54 [JavaFX Application Thread] DEBUG memo.view.CustomAccordion  - getSectionAccordion
30.09.2014 00:18:54 [JavaFX Application Thread] DEBUG memo.view.CustomAccordion  - addCheckBox
30.09.2014 00:18:54 [JavaFX Application Thread] DEBUG memo.view.CustomAccordion  - handleCardSetCheckBoxClick
30.09.2014 00:18:54 [JavaFX Application Thread] DEBUG memo.view.CustomAccordion  - initCardListCheckBoxes
30.09.2014 00:18:54 [JavaFX Application Thread] DEBUG memo.view.CustomAccordion  - setCardSetListViewCellFactory
30.09.2014 00:18:54 [JavaFX Application Thread] DEBUG memo.view.CustomAccordion  - addCardButton
30.09.2014 00:18:54 [JavaFX Application Thread] DEBUG memo.view.CustomAccordion  - setAddCardButtonLook
30.09.2014 00:18:54 [JavaFX Application Thread] DEBUG memo.view.CustomAccordion  - handleAddCardButtonClick
30.09.2014 00:18:54 [JavaFX Application Thread] DEBUG memo.view.CustomAccordion  - addCardSet
30.09.2014 00:18:54 [JavaFX Application Thread] DEBUG memo.view.CustomAccordion  - getSectionAccordion
30.09.2014 00:18:54 [JavaFX Application Thread] DEBUG memo.view.CustomAccordion  - setCardSetListViewLook
30.09.2014 00:18:54 [JavaFX Application Thread] DEBUG memo.view.CustomAccordion  - setCardSetVBoxLook
30.09.2014 00:18:54 [JavaFX Application Thread] DEBUG memo.view.CustomAccordion  - setCardSetPaneLook
30.09.2014 00:18:54 [JavaFX Application Thread] DEBUG memo.view.CustomAccordion  - addSelectedCardListener
30.09.2014 00:18:54 [JavaFX Application Thread] DEBUG memo.view.CustomAccordion  - initCardSetCheckBox
30.09.2014 00:18:54 [JavaFX Application Thread] DEBUG memo.view.CustomAccordion  - getSectionAccordion
30.09.2014 00:18:54 [JavaFX Application Thread] DEBUG memo.view.CustomAccordion  - addCheckBox
30.09.2014 00:18:54 [JavaFX Application Thread] DEBUG memo.view.CustomAccordion  - handleCardSetCheckBoxClick
30.09.2014 00:18:54 [JavaFX Application Thread] DEBUG memo.view.CustomAccordion  - initCardListCheckBoxes
30.09.2014 00:18:54 [JavaFX Application Thread] DEBUG memo.view.CustomAccordion  - setCardSetListViewCellFactory
30.09.2014 00:18:54 [JavaFX Application Thread] DEBUG memo.view.CustomAccordion  - addCardButton
30.09.2014 00:18:54 [JavaFX Application Thread] DEBUG memo.view.CustomAccordion  - setAddCardButtonLook
30.09.2014 00:18:54 [JavaFX Application Thread] DEBUG memo.view.CustomAccordion  - handleAddCardButtonClick
30.09.2014 00:18:59 [JavaFX Application Thread] DEBUG memo.view.CustomAccordion  - sectionSelected
30.09.2014 00:19:00 [JavaFX Application Thread] DEBUG memo.view.CustomAccordion  - sectionSelected
30.09.2014 00:19:01 [JavaFX Application Thread] DEBUG memo.view.CustomAccordion  - removeSection
30.09.2014 00:19:01 [JavaFX Application Thread] DEBUG memo.view.CustomAccordion  - sectionSelected
30.09.2014 00:25:11 [JavaFX Application Thread] DEBUG memo.view.CustomAccordion  - addSelectedSectionListener
30.09.2014 00:25:11 [JavaFX Application Thread] DEBUG memo.view.CustomAccordion  - addMainAccordionHeightListener
30.09.2014 00:25:11 [JavaFX Application Thread] DEBUG memo.view.CustomAccordion  - handleAddSectionButtonClick
30.09.2014 00:25:14 [JavaFX Application Thread] DEBUG memo.view.CustomAccordion  - showUserCards
30.09.2014 00:25:14 [JavaFX Application Thread] DEBUG memo.view.CustomAccordion  - addSection
30.09.2014 00:25:14 [JavaFX Application Thread] DEBUG memo.view.CustomAccordion  - addSectionAccordionHeightListener
30.09.2014 00:25:14 [JavaFX Application Thread] DEBUG memo.view.CustomAccordion  - setSectionScrollPaneLook
30.09.2014 00:25:14 [JavaFX Application Thread] DEBUG memo.view.CustomAccordion  - setSectionVBoxLook
30.09.2014 00:25:14 [JavaFX Application Thread] DEBUG memo.view.CustomAccordion  - setSectionPaneLook
30.09.2014 00:25:14 [JavaFX Application Thread] DEBUG memo.view.CustomAccordion  - initSectionCheckBox
30.09.2014 00:25:14 [JavaFX Application Thread] DEBUG memo.view.CustomAccordion  - addCheckBox
30.09.2014 00:25:14 [JavaFX Application Thread] DEBUG memo.view.CustomAccordion  - handleSectionCheckBoxClick
30.09.2014 00:25:14 [JavaFX Application Thread] DEBUG memo.view.CustomAccordion  - sectionSelected
30.09.2014 00:25:14 [JavaFX Application Thread] DEBUG memo.view.CustomAccordion  - addSelectedCardSetListener
30.09.2014 00:25:14 [JavaFX Application Thread] DEBUG memo.view.CustomAccordion  - addCardSetButton
30.09.2014 00:25:14 [JavaFX Application Thread] DEBUG memo.view.CustomAccordion  - setAddCardSetButtonLook
30.09.2014 00:25:14 [JavaFX Application Thread] DEBUG memo.view.CustomAccordion  - handleAddCardSetButtonClick
30.09.2014 00:25:14 [JavaFX Application Thread] DEBUG memo.view.CustomAccordion  - addCardSet
30.09.2014 00:25:14 [JavaFX Application Thread] DEBUG memo.view.CustomAccordion  - getSectionAccordion
30.09.2014 00:25:14 [JavaFX Application Thread] DEBUG memo.view.CustomAccordion  - setCardSetListViewLook
30.09.2014 00:25:14 [JavaFX Application Thread] DEBUG memo.view.CustomAccordion  - setCardSetVBoxLook
30.09.2014 00:25:14 [JavaFX Application Thread] DEBUG memo.view.CustomAccordion  - setCardSetPaneLook
30.09.2014 00:25:14 [JavaFX Application Thread] DEBUG memo.view.CustomAccordion  - addSelectedCardListener
30.09.2014 00:25:14 [JavaFX Application Thread] DEBUG memo.view.CustomAccordion  - initCardSetCheckBox
30.09.2014 00:25:14 [JavaFX Application Thread] DEBUG memo.view.CustomAccordion  - getSectionAccordion
30.09.2014 00:25:14 [JavaFX Application Thread] DEBUG memo.view.CustomAccordion  - addCheckBox
30.09.2014 00:25:14 [JavaFX Application Thread] DEBUG memo.view.CustomAccordion  - handleCardSetCheckBoxClick
30.09.2014 00:25:14 [JavaFX Application Thread] DEBUG memo.view.CustomAccordion  - initCardListCheckBoxes
30.09.2014 00:25:14 [JavaFX Application Thread] DEBUG memo.view.CustomAccordion  - setCardSetListViewCellFactory
30.09.2014 00:25:14 [JavaFX Application Thread] DEBUG memo.view.CustomAccordion  - addCardButton
30.09.2014 00:25:14 [JavaFX Application Thread] DEBUG memo.view.CustomAccordion  - setAddCardButtonLook
30.09.2014 00:25:14 [JavaFX Application Thread] DEBUG memo.view.CustomAccordion  - handleAddCardButtonClick
30.09.2014 00:25:14 [JavaFX Application Thread] DEBUG memo.view.CustomAccordion  - addCardSet
30.09.2014 00:25:14 [JavaFX Application Thread] DEBUG memo.view.CustomAccordion  - getSectionAccordion
30.09.2014 00:25:14 [JavaFX Application Thread] DEBUG memo.view.CustomAccordion  - setCardSetListViewLook
30.09.2014 00:25:14 [JavaFX Application Thread] DEBUG memo.view.CustomAccordion  - setCardSetVBoxLook
30.09.2014 00:25:14 [JavaFX Application Thread] DEBUG memo.view.CustomAccordion  - setCardSetPaneLook
30.09.2014 00:25:14 [JavaFX Application Thread] DEBUG memo.view.CustomAccordion  - addSelectedCardListener
30.09.2014 00:25:14 [JavaFX Application Thread] DEBUG memo.view.CustomAccordion  - initCardSetCheckBox
30.09.2014 00:25:14 [JavaFX Application Thread] DEBUG memo.view.CustomAccordion  - getSectionAccordion
30.09.2014 00:25:14 [JavaFX Application Thread] DEBUG memo.view.CustomAccordion  - addCheckBox
30.09.2014 00:25:14 [JavaFX Application Thread] DEBUG memo.view.CustomAccordion  - handleCardSetCheckBoxClick
30.09.2014 00:25:14 [JavaFX Application Thread] DEBUG memo.view.CustomAccordion  - initCardListCheckBoxes
30.09.2014 00:25:14 [JavaFX Application Thread] DEBUG memo.view.CustomAccordion  - setCardSetListViewCellFactory
30.09.2014 00:25:14 [JavaFX Application Thread] DEBUG memo.view.CustomAccordion  - addCardButton
30.09.2014 00:25:14 [JavaFX Application Thread] DEBUG memo.view.CustomAccordion  - setAddCardButtonLook
30.09.2014 00:25:14 [JavaFX Application Thread] DEBUG memo.view.CustomAccordion  - handleAddCardButtonClick
30.09.2014 00:25:14 [JavaFX Application Thread] DEBUG memo.view.CustomAccordion  - mainAccordionHeightChanged
30.09.2014 00:25:14 [JavaFX Application Thread] DEBUG memo.view.CustomAccordion  - sectionAccordionHeightChanged
30.09.2014 00:25:14 [JavaFX Application Thread] DEBUG memo.view.CustomAccordion  - mainAccordionHeightChanged: 324.0 50.0
30.09.2014 00:25:14 [JavaFX Application Thread] DEBUG memo.view.CustomAccordion  - mainAccordionHeightChanged
30.09.2014 00:25:14 [JavaFX Application Thread] DEBUG memo.view.CustomAccordion  - mainAccordionHeightChanged: 318.0 100.0
30.09.2014 00:25:15 [JavaFX Application Thread] DEBUG memo.view.CustomAccordion  - sectionSelected
30.09.2014 00:25:15 [JavaFX Application Thread] DEBUG memo.view.CustomAccordion  - mainAccordionHeightChanged
30.09.2014 00:25:15 [JavaFX Application Thread] DEBUG memo.view.CustomAccordion  - mainAccordionHeightChanged: 330.0 98.0
30.09.2014 00:25:16 [JavaFX Application Thread] DEBUG memo.view.CustomAccordion  - mainAccordionHeightChanged
30.09.2014 00:25:16 [JavaFX Application Thread] DEBUG memo.view.CustomAccordion  - mainAccordionHeightChanged: 330.0 96.0
30.09.2014 00:25:16 [JavaFX Application Thread] DEBUG memo.view.CustomAccordion  - mainAccordionHeightChanged
30.09.2014 00:25:16 [JavaFX Application Thread] DEBUG memo.view.CustomAccordion  - mainAccordionHeightChanged: 330.0 95.0
30.09.2014 00:25:16 [JavaFX Application Thread] DEBUG memo.view.CustomAccordion  - mainAccordionHeightChanged
30.09.2014 00:25:16 [JavaFX Application Thread] DEBUG memo.view.CustomAccordion  - mainAccordionHeightChanged: 330.0 92.0
30.09.2014 00:25:16 [JavaFX Application Thread] DEBUG memo.view.CustomAccordion  - mainAccordionHeightChanged
30.09.2014 00:25:16 [JavaFX Application Thread] DEBUG memo.view.CustomAccordion  - mainAccordionHeightChanged: 330.0 88.0
30.09.2014 00:25:16 [JavaFX Application Thread] DEBUG memo.view.CustomAccordion  - mainAccordionHeightChanged
30.09.2014 00:25:16 [JavaFX Application Thread] DEBUG memo.view.CustomAccordion  - mainAccordionHeightChanged: 330.0 85.0
30.09.2014 00:25:16 [JavaFX Application Thread] DEBUG memo.view.CustomAccordion  - mainAccordionHeightChanged
30.09.2014 00:25:16 [JavaFX Application Thread] DEBUG memo.view.CustomAccordion  - mainAccordionHeightChanged: 330.0 81.0
30.09.2014 00:25:16 [JavaFX Application Thread] DEBUG memo.view.CustomAccordion  - mainAccordionHeightChanged
30.09.2014 00:25:16 [JavaFX Application Thread] DEBUG memo.view.CustomAccordion  - mainAccordionHeightChanged: 330.0 78.0
30.09.2014 00:25:16 [JavaFX Application Thread] DEBUG memo.view.CustomAccordion  - mainAccordionHeightChanged
30.09.2014 00:25:16 [JavaFX Application Thread] DEBUG memo.view.CustomAccordion  - mainAccordionHeightChanged: 330.0 74.0
30.09.2014 00:25:16 [JavaFX Application Thread] DEBUG memo.view.CustomAccordion  - mainAccordionHeightChanged
30.09.2014 00:25:16 [JavaFX Application Thread] DEBUG memo.view.CustomAccordion  - mainAccordionHeightChanged: 330.0 71.0
30.09.2014 00:25:16 [JavaFX Application Thread] DEBUG memo.view.CustomAccordion  - mainAccordionHeightChanged
30.09.2014 00:25:16 [JavaFX Application Thread] DEBUG memo.view.CustomAccordion  - mainAccordionHeightChanged: 330.0 68.0
30.09.2014 00:25:16 [JavaFX Application Thread] DEBUG memo.view.CustomAccordion  - mainAccordionHeightChanged
30.09.2014 00:25:16 [JavaFX Application Thread] DEBUG memo.view.CustomAccordion  - mainAccordionHeightChanged: 330.0 64.0
30.09.2014 00:25:16 [JavaFX Application Thread] DEBUG memo.view.CustomAccordion  - mainAccordionHeightChanged
30.09.2014 00:25:16 [JavaFX Application Thread] DEBUG memo.view.CustomAccordion  - mainAccordionHeightChanged: 330.0 61.0
30.09.2014 00:25:16 [JavaFX Application Thread] DEBUG memo.view.CustomAccordion  - mainAccordionHeightChanged
30.09.2014 00:25:16 [JavaFX Application Thread] DEBUG memo.view.CustomAccordion  - mainAccordionHeightChanged: 330.0 57.0
30.09.2014 00:25:16 [JavaFX Application Thread] DEBUG memo.view.CustomAccordion  - mainAccordionHeightChanged
30.09.2014 00:25:16 [JavaFX Application Thread] DEBUG memo.view.CustomAccordion  - mainAccordionHeightChanged: 330.0 54.0
30.09.2014 00:25:16 [JavaFX Application Thread] DEBUG memo.view.CustomAccordion  - mainAccordionHeightChanged
30.09.2014 00:25:16 [JavaFX Application Thread] DEBUG memo.view.CustomAccordion  - mainAccordionHeightChanged: 330.0 50.0
30.09.2014 00:25:16 [JavaFX Application Thread] DEBUG memo.view.CustomAccordion  - mainAccordionHeightChanged
30.09.2014 00:25:16 [JavaFX Application Thread] DEBUG memo.view.CustomAccordion  - mainAccordionHeightChanged: 330.0 47.0
30.09.2014 00:25:16 [JavaFX Application Thread] DEBUG memo.view.CustomAccordion  - mainAccordionHeightChanged
30.09.2014 00:25:16 [JavaFX Application Thread] DEBUG memo.view.CustomAccordion  - mainAccordionHeightChanged: 330.0 44.0
30.09.2014 00:25:16 [JavaFX Application Thread] DEBUG memo.view.CustomAccordion  - mainAccordionHeightChanged
30.09.2014 00:25:16 [JavaFX Application Thread] DEBUG memo.view.CustomAccordion  - mainAccordionHeightChanged: 330.0 40.0
30.09.2014 00:25:16 [JavaFX Application Thread] DEBUG memo.view.CustomAccordion  - mainAccordionHeightChanged
30.09.2014 00:25:16 [JavaFX Application Thread] DEBUG memo.view.CustomAccordion  - mainAccordionHeightChanged: 330.0 37.0
30.09.2014 00:25:16 [JavaFX Application Thread] DEBUG memo.view.CustomAccordion  - mainAccordionHeightChanged
30.09.2014 00:25:16 [JavaFX Application Thread] DEBUG memo.view.CustomAccordion  - mainAccordionHeightChanged: 330.0 33.0
30.09.2014 00:25:16 [JavaFX Application Thread] DEBUG memo.view.CustomAccordion  - mainAccordionHeightChanged
30.09.2014 00:25:16 [JavaFX Application Thread] DEBUG memo.view.CustomAccordion  - mainAccordionHeightChanged: 330.0 30.0
30.09.2014 00:25:16 [JavaFX Application Thread] DEBUG memo.view.CustomAccordion  - mainAccordionHeightChanged
30.09.2014 00:25:16 [JavaFX Application Thread] DEBUG memo.view.CustomAccordion  - sectionSelected
30.09.2014 00:25:16 [JavaFX Application Thread] DEBUG memo.view.CustomAccordion  - mainAccordionHeightChanged: 330.0 26.0
30.09.2014 00:25:16 [JavaFX Application Thread] DEBUG memo.view.CustomAccordion  - mainAccordionHeightChanged
30.09.2014 00:25:16 [JavaFX Application Thread] DEBUG memo.view.CustomAccordion  - mainAccordionHeightChanged: 324.0 27.0
30.09.2014 00:25:16 [JavaFX Application Thread] DEBUG memo.view.CustomAccordion  - mainAccordionHeightChanged
30.09.2014 00:25:16 [JavaFX Application Thread] DEBUG memo.view.CustomAccordion  - mainAccordionHeightChanged: 318.0 33.0
30.09.2014 00:25:16 [JavaFX Application Thread] DEBUG memo.view.CustomAccordion  - mainAccordionHeightChanged
30.09.2014 00:25:16 [JavaFX Application Thread] DEBUG memo.view.CustomAccordion  - mainAccordionHeightChanged: 317.0 36.0
30.09.2014 00:25:16 [JavaFX Application Thread] DEBUG memo.view.CustomAccordion  - mainAccordionHeightChanged
30.09.2014 00:25:16 [JavaFX Application Thread] DEBUG memo.view.CustomAccordion  - mainAccordionHeightChanged: 317.0 40.0
30.09.2014 00:25:16 [JavaFX Application Thread] DEBUG memo.view.CustomAccordion  - mainAccordionHeightChanged
30.09.2014 00:25:16 [JavaFX Application Thread] DEBUG memo.view.CustomAccordion  - mainAccordionHeightChanged: 317.0 43.0
30.09.2014 00:25:16 [JavaFX Application Thread] DEBUG memo.view.CustomAccordion  - mainAccordionHeightChanged
30.09.2014 00:25:16 [JavaFX Application Thread] DEBUG memo.view.CustomAccordion  - mainAccordionHeightChanged: 317.0 47.0
30.09.2014 00:25:16 [JavaFX Application Thread] DEBUG memo.view.CustomAccordion  - mainAccordionHeightChanged
30.09.2014 00:25:16 [JavaFX Application Thread] DEBUG memo.view.CustomAccordion  - mainAccordionHeightChanged: 317.0 50.0
30.09.2014 00:25:16 [JavaFX Application Thread] DEBUG memo.view.CustomAccordion  - mainAccordionHeightChanged
30.09.2014 00:25:16 [JavaFX Application Thread] DEBUG memo.view.CustomAccordion  - mainAccordionHeightChanged: 317.0 54.0
30.09.2014 00:25:16 [JavaFX Application Thread] DEBUG memo.view.CustomAccordion  - mainAccordionHeightChanged
30.09.2014 00:25:16 [JavaFX Application Thread] DEBUG memo.view.CustomAccordion  - mainAccordionHeightChanged: 317.0 57.0
30.09.2014 00:25:16 [JavaFX Application Thread] DEBUG memo.view.CustomAccordion  - mainAccordionHeightChanged
30.09.2014 00:25:16 [JavaFX Application Thread] DEBUG memo.view.CustomAccordion  - mainAccordionHeightChanged: 317.0 60.0
30.09.2014 00:25:16 [JavaFX Application Thread] DEBUG memo.view.CustomAccordion  - mainAccordionHeightChanged
30.09.2014 00:25:16 [JavaFX Application Thread] DEBUG memo.view.CustomAccordion  - mainAccordionHeightChanged: 317.0 81.0
30.09.2014 00:25:16 [JavaFX Application Thread] DEBUG memo.view.CustomAccordion  - mainAccordionHeightChanged
30.09.2014 00:25:16 [JavaFX Application Thread] DEBUG memo.view.CustomAccordion  - mainAccordionHeightChanged: 317.0 84.0
30.09.2014 00:25:16 [JavaFX Application Thread] DEBUG memo.view.CustomAccordion  - mainAccordionHeightChanged
30.09.2014 00:25:16 [JavaFX Application Thread] DEBUG memo.view.CustomAccordion  - mainAccordionHeightChanged: 324.0 88.0
30.09.2014 00:25:16 [JavaFX Application Thread] DEBUG memo.view.CustomAccordion  - mainAccordionHeightChanged
30.09.2014 00:25:16 [JavaFX Application Thread] DEBUG memo.view.CustomAccordion  - mainAccordionHeightChanged: 318.0 91.0
30.09.2014 00:25:16 [JavaFX Application Thread] DEBUG memo.view.CustomAccordion  - mainAccordionHeightChanged
30.09.2014 00:25:16 [JavaFX Application Thread] DEBUG memo.view.CustomAccordion  - mainAccordionHeightChanged: 317.0 95.0
30.09.2014 00:25:16 [JavaFX Application Thread] DEBUG memo.view.CustomAccordion  - mainAccordionHeightChanged
30.09.2014 00:25:16 [JavaFX Application Thread] DEBUG memo.view.CustomAccordion  - mainAccordionHeightChanged: 317.0 98.0
30.09.2014 00:25:16 [JavaFX Application Thread] DEBUG memo.view.CustomAccordion  - mainAccordionHeightChanged
30.09.2014 00:25:16 [JavaFX Application Thread] DEBUG memo.view.CustomAccordion  - mainAccordionHeightChanged: 317.0 100.0
30.09.2014 00:25:18 [JavaFX Application Thread] DEBUG memo.view.CustomAccordion  - removeSection
30.09.2014 00:25:18 [JavaFX Application Thread] DEBUG memo.view.CustomAccordion  - sectionSelected
30.09.2014 00:25:18 [JavaFX Application Thread] DEBUG memo.view.CustomAccordion  - mainAccordionHeightChanged
30.09.2014 00:25:18 [JavaFX Application Thread] DEBUG memo.view.CustomAccordion  - mainAccordionHeightChanged: 330.0 99.0
30.09.2014 00:27:30 [JavaFX Application Thread] DEBUG memo.view.CustomAccordion  - addSelectedSectionListener
30.09.2014 00:27:30 [JavaFX Application Thread] DEBUG memo.view.CustomAccordion  - addMainAccordionHeightListener
30.09.2014 00:27:30 [JavaFX Application Thread] DEBUG memo.view.CustomAccordion  - handleAddSectionButtonClick
30.09.2014 00:27:57 [JavaFX Application Thread] DEBUG memo.view.CustomAccordion  - addSelectedSectionListener
30.09.2014 00:27:57 [JavaFX Application Thread] DEBUG memo.view.CustomAccordion  - addMainAccordionHeightListener
30.09.2014 00:27:57 [JavaFX Application Thread] DEBUG memo.view.CustomAccordion  - handleAddSectionButtonClick
30.09.2014 00:28:01 [JavaFX Application Thread] DEBUG memo.view.CustomAccordion  - showUserCards
30.09.2014 00:28:01 [JavaFX Application Thread] DEBUG memo.view.CustomAccordion  - addSection
30.09.2014 00:28:01 [JavaFX Application Thread] DEBUG memo.view.CustomAccordion  - addSectionAccordionHeightListener
30.09.2014 00:28:01 [JavaFX Application Thread] DEBUG memo.view.CustomAccordion  - setSectionScrollPaneLook
30.09.2014 00:28:01 [JavaFX Application Thread] DEBUG memo.view.CustomAccordion  - setSectionVBoxLook
30.09.2014 00:28:01 [JavaFX Application Thread] DEBUG memo.view.CustomAccordion  - setSectionPaneLook
30.09.2014 00:28:01 [JavaFX Application Thread] DEBUG memo.view.CustomAccordion  - initSectionCheckBox
30.09.2014 00:28:01 [JavaFX Application Thread] DEBUG memo.view.CustomAccordion  - addCheckBox
30.09.2014 00:28:01 [JavaFX Application Thread] DEBUG memo.view.CustomAccordion  - handleSectionCheckBoxClick
30.09.2014 00:28:01 [JavaFX Application Thread] DEBUG memo.view.CustomAccordion  - sectionSelected
30.09.2014 00:28:01 [JavaFX Application Thread] DEBUG memo.view.CustomAccordion  - addSelectedCardSetListener
30.09.2014 00:28:01 [JavaFX Application Thread] DEBUG memo.view.CustomAccordion  - addCardSetButton
30.09.2014 00:28:01 [JavaFX Application Thread] DEBUG memo.view.CustomAccordion  - setAddCardSetButtonLook
30.09.2014 00:28:01 [JavaFX Application Thread] DEBUG memo.view.CustomAccordion  - handleAddCardSetButtonClick
30.09.2014 00:28:01 [JavaFX Application Thread] DEBUG memo.view.CustomAccordion  - addCardSet
30.09.2014 00:28:01 [JavaFX Application Thread] DEBUG memo.view.CustomAccordion  - getSectionAccordion
30.09.2014 00:28:01 [JavaFX Application Thread] DEBUG memo.view.CustomAccordion  - setCardSetListViewLook
30.09.2014 00:28:01 [JavaFX Application Thread] DEBUG memo.view.CustomAccordion  - setCardSetVBoxLook
30.09.2014 00:28:01 [JavaFX Application Thread] DEBUG memo.view.CustomAccordion  - setCardSetPaneLook
30.09.2014 00:28:01 [JavaFX Application Thread] DEBUG memo.view.CustomAccordion  - addSelectedCardListener
30.09.2014 00:28:01 [JavaFX Application Thread] DEBUG memo.view.CustomAccordion  - initCardSetCheckBox
30.09.2014 00:28:01 [JavaFX Application Thread] DEBUG memo.view.CustomAccordion  - getSectionAccordion
30.09.2014 00:28:01 [JavaFX Application Thread] DEBUG memo.view.CustomAccordion  - addCheckBox
30.09.2014 00:28:01 [JavaFX Application Thread] DEBUG memo.view.CustomAccordion  - handleCardSetCheckBoxClick
30.09.2014 00:28:01 [JavaFX Application Thread] DEBUG memo.view.CustomAccordion  - initCardListCheckBoxes
30.09.2014 00:28:01 [JavaFX Application Thread] DEBUG memo.view.CustomAccordion  - setCardSetListViewCellFactory
30.09.2014 00:28:01 [JavaFX Application Thread] DEBUG memo.view.CustomAccordion  - addCardButton
30.09.2014 00:28:01 [JavaFX Application Thread] DEBUG memo.view.CustomAccordion  - setAddCardButtonLook
30.09.2014 00:28:01 [JavaFX Application Thread] DEBUG memo.view.CustomAccordion  - handleAddCardButtonClick
30.09.2014 00:28:01 [JavaFX Application Thread] DEBUG memo.view.CustomAccordion  - addCardSet
30.09.2014 00:28:01 [JavaFX Application Thread] DEBUG memo.view.CustomAccordion  - getSectionAccordion
30.09.2014 00:28:01 [JavaFX Application Thread] DEBUG memo.view.CustomAccordion  - setCardSetListViewLook
30.09.2014 00:28:01 [JavaFX Application Thread] DEBUG memo.view.CustomAccordion  - setCardSetVBoxLook
30.09.2014 00:28:01 [JavaFX Application Thread] DEBUG memo.view.CustomAccordion  - setCardSetPaneLook
30.09.2014 00:28:01 [JavaFX Application Thread] DEBUG memo.view.CustomAccordion  - addSelectedCardListener
30.09.2014 00:28:01 [JavaFX Application Thread] DEBUG memo.view.CustomAccordion  - initCardSetCheckBox
30.09.2014 00:28:01 [JavaFX Application Thread] DEBUG memo.view.CustomAccordion  - getSectionAccordion
30.09.2014 00:28:01 [JavaFX Application Thread] DEBUG memo.view.CustomAccordion  - addCheckBox
30.09.2014 00:28:01 [JavaFX Application Thread] DEBUG memo.view.CustomAccordion  - handleCardSetCheckBoxClick
30.09.2014 00:28:01 [JavaFX Application Thread] DEBUG memo.view.CustomAccordion  - initCardListCheckBoxes
30.09.2014 00:28:01 [JavaFX Application Thread] DEBUG memo.view.CustomAccordion  - setCardSetListViewCellFactory
30.09.2014 00:28:01 [JavaFX Application Thread] DEBUG memo.view.CustomAccordion  - addCardButton
30.09.2014 00:28:01 [JavaFX Application Thread] DEBUG memo.view.CustomAccordion  - setAddCardButtonLook
30.09.2014 00:28:01 [JavaFX Application Thread] DEBUG memo.view.CustomAccordion  - handleAddCardButtonClick
30.09.2014 00:28:02 [JavaFX Application Thread] DEBUG memo.view.CustomAccordion  - mainAccordionHeightChanged
30.09.2014 00:28:02 [JavaFX Application Thread] DEBUG memo.view.CustomAccordion  - sectionAccordionHeightChanged
30.09.2014 00:28:02 [JavaFX Application Thread] DEBUG memo.view.CustomAccordion  - mainAccordionHeightChanged: 324.0 50.0
-1.0 0.0
-1.0 -1.0
30.09.2014 00:28:02 [JavaFX Application Thread] DEBUG memo.view.CustomAccordion  - mainAccordionHeightChanged
30.09.2014 00:28:02 [JavaFX Application Thread] DEBUG memo.view.CustomAccordion  - mainAccordionHeightChanged: 318.0 100.0
-1.0 0.0
-1.0 -1.0
30.09.2014 00:28:03 [JavaFX Application Thread] DEBUG memo.view.CustomAccordion  - sectionSelected
30.09.2014 00:28:03 [JavaFX Application Thread] DEBUG memo.view.CustomAccordion  - mainAccordionHeightChanged
30.09.2014 00:28:03 [JavaFX Application Thread] DEBUG memo.view.CustomAccordion  - mainAccordionHeightChanged: 330.0 99.0
-1.0 0.0
-1.0 -1.0
30.09.2014 00:28:03 [JavaFX Application Thread] DEBUG memo.view.CustomAccordion  - mainAccordionHeightChanged
30.09.2014 00:28:03 [JavaFX Application Thread] DEBUG memo.view.CustomAccordion  - mainAccordionHeightChanged: 330.0 96.0
-1.0 0.0
-1.0 -1.0
30.09.2014 00:28:03 [JavaFX Application Thread] DEBUG memo.view.CustomAccordion  - mainAccordionHeightChanged
30.09.2014 00:28:03 [JavaFX Application Thread] DEBUG memo.view.CustomAccordion  - mainAccordionHeightChanged: 330.0 95.0
-1.0 0.0
-1.0 -1.0
30.09.2014 00:28:03 [JavaFX Application Thread] DEBUG memo.view.CustomAccordion  - mainAccordionHeightChanged
30.09.2014 00:28:03 [JavaFX Application Thread] DEBUG memo.view.CustomAccordion  - mainAccordionHeightChanged: 330.0 92.0
-1.0 0.0
-1.0 -1.0
30.09.2014 00:28:03 [JavaFX Application Thread] DEBUG memo.view.CustomAccordion  - mainAccordionHeightChanged
30.09.2014 00:28:03 [JavaFX Application Thread] DEBUG memo.view.CustomAccordion  - mainAccordionHeightChanged: 330.0 88.0
-1.0 0.0
-1.0 -1.0
30.09.2014 00:28:03 [JavaFX Application Thread] DEBUG memo.view.CustomAccordion  - mainAccordionHeightChanged
30.09.2014 00:28:03 [JavaFX Application Thread] DEBUG memo.view.CustomAccordion  - mainAccordionHeightChanged: 330.0 85.0
-1.0 0.0
-1.0 -1.0
30.09.2014 00:28:03 [JavaFX Application Thread] DEBUG memo.view.CustomAccordion  - mainAccordionHeightChanged
30.09.2014 00:28:03 [JavaFX Application Thread] DEBUG memo.view.CustomAccordion  - mainAccordionHeightChanged: 330.0 82.0
-1.0 0.0
-1.0 -1.0
30.09.2014 00:28:03 [JavaFX Application Thread] DEBUG memo.view.CustomAccordion  - mainAccordionHeightChanged
30.09.2014 00:28:03 [JavaFX Application Thread] DEBUG memo.view.CustomAccordion  - mainAccordionHeightChanged: 330.0 78.0
-1.0 0.0
-1.0 -1.0
30.09.2014 00:28:03 [JavaFX Application Thread] DEBUG memo.view.CustomAccordion  - mainAccordionHeightChanged
30.09.2014 00:28:03 [JavaFX Application Thread] DEBUG memo.view.CustomAccordion  - mainAccordionHeightChanged: 330.0 75.0
-1.0 0.0
-1.0 -1.0
30.09.2014 00:28:03 [JavaFX Application Thread] DEBUG memo.view.CustomAccordion  - mainAccordionHeightChanged
30.09.2014 00:28:03 [JavaFX Application Thread] DEBUG memo.view.CustomAccordion  - mainAccordionHeightChanged: 330.0 71.0
-1.0 0.0
-1.0 -1.0
30.09.2014 00:28:03 [JavaFX Application Thread] DEBUG memo.view.CustomAccordion  - mainAccordionHeightChanged
30.09.2014 00:28:03 [JavaFX Application Thread] DEBUG memo.view.CustomAccordion  - mainAccordionHeightChanged: 330.0 68.0
-1.0 0.0
-1.0 -1.0
30.09.2014 00:28:03 [JavaFX Application Thread] DEBUG memo.view.CustomAccordion  - mainAccordionHeightChanged
30.09.2014 00:28:03 [JavaFX Application Thread] DEBUG memo.view.CustomAccordion  - mainAccordionHeightChanged: 330.0 64.0
-1.0 0.0
-1.0 -1.0
30.09.2014 00:28:03 [JavaFX Application Thread] DEBUG memo.view.CustomAccordion  - mainAccordionHeightChanged
30.09.2014 00:28:03 [JavaFX Application Thread] DEBUG memo.view.CustomAccordion  - mainAccordionHeightChanged: 330.0 61.0
-1.0 0.0
-1.0 -1.0
30.09.2014 00:28:03 [JavaFX Application Thread] DEBUG memo.view.CustomAccordion  - mainAccordionHeightChanged
30.09.2014 00:28:03 [JavaFX Application Thread] DEBUG memo.view.CustomAccordion  - mainAccordionHeightChanged: 330.0 58.0
-1.0 0.0
-1.0 -1.0
30.09.2014 00:28:03 [JavaFX Application Thread] DEBUG memo.view.CustomAccordion  - mainAccordionHeightChanged
30.09.2014 00:28:03 [JavaFX Application Thread] DEBUG memo.view.CustomAccordion  - mainAccordionHeightChanged: 330.0 51.0
-1.0 0.0
-1.0 -1.0
30.09.2014 00:28:03 [JavaFX Application Thread] DEBUG memo.view.CustomAccordion  - mainAccordionHeightChanged
30.09.2014 00:28:03 [JavaFX Application Thread] DEBUG memo.view.CustomAccordion  - mainAccordionHeightChanged: 330.0 47.0
-1.0 0.0
-1.0 -1.0
30.09.2014 00:28:04 [JavaFX Application Thread] DEBUG memo.view.CustomAccordion  - mainAccordionHeightChanged
30.09.2014 00:28:04 [JavaFX Application Thread] DEBUG memo.view.CustomAccordion  - mainAccordionHeightChanged: 330.0 44.0
-1.0 0.0
-1.0 -1.0
30.09.2014 00:28:04 [JavaFX Application Thread] DEBUG memo.view.CustomAccordion  - mainAccordionHeightChanged
30.09.2014 00:28:04 [JavaFX Application Thread] DEBUG memo.view.CustomAccordion  - mainAccordionHeightChanged: 330.0 40.0
-1.0 0.0
-1.0 -1.0
30.09.2014 00:28:04 [JavaFX Application Thread] DEBUG memo.view.CustomAccordion  - mainAccordionHeightChanged
30.09.2014 00:28:04 [JavaFX Application Thread] DEBUG memo.view.CustomAccordion  - mainAccordionHeightChanged: 330.0 37.0
-1.0 0.0
-1.0 -1.0
30.09.2014 00:28:04 [JavaFX Application Thread] DEBUG memo.view.CustomAccordion  - mainAccordionHeightChanged
30.09.2014 00:28:04 [JavaFX Application Thread] DEBUG memo.view.CustomAccordion  - mainAccordionHeightChanged: 330.0 34.0
-1.0 0.0
-1.0 -1.0
30.09.2014 00:28:04 [JavaFX Application Thread] DEBUG memo.view.CustomAccordion  - mainAccordionHeightChanged
30.09.2014 00:28:04 [JavaFX Application Thread] DEBUG memo.view.CustomAccordion  - mainAccordionHeightChanged: 330.0 30.0
-1.0 0.0
-1.0 -1.0
30.09.2014 00:28:04 [JavaFX Application Thread] DEBUG memo.view.CustomAccordion  - mainAccordionHeightChanged
30.09.2014 00:28:04 [JavaFX Application Thread] DEBUG memo.view.CustomAccordion  - mainAccordionHeightChanged: 330.0 27.0
-1.0 0.0
-1.0 -1.0
30.09.2014 00:28:04 [JavaFX Application Thread] DEBUG memo.view.CustomAccordion  - mainAccordionHeightChanged
30.09.2014 00:28:04 [JavaFX Application Thread] DEBUG memo.view.CustomAccordion  - mainAccordionHeightChanged: 330.0 25.0
-1.0 0.0
-1.0 -1.0
30.09.2014 00:28:04 [JavaFX Application Thread] DEBUG memo.view.CustomAccordion  - sectionSelected
30.09.2014 00:28:04 [JavaFX Application Thread] DEBUG memo.view.CustomAccordion  - mainAccordionHeightChanged
30.09.2014 00:28:04 [JavaFX Application Thread] DEBUG memo.view.CustomAccordion  - mainAccordionHeightChanged: 324.0 28.0
-1.0 0.0
-1.0 -1.0
30.09.2014 00:28:04 [JavaFX Application Thread] DEBUG memo.view.CustomAccordion  - mainAccordionHeightChanged
30.09.2014 00:28:04 [JavaFX Application Thread] DEBUG memo.view.CustomAccordion  - mainAccordionHeightChanged: 318.0 32.0
-1.0 0.0
-1.0 -1.0
30.09.2014 00:28:04 [JavaFX Application Thread] DEBUG memo.view.CustomAccordion  - mainAccordionHeightChanged
30.09.2014 00:28:04 [JavaFX Application Thread] DEBUG memo.view.CustomAccordion  - mainAccordionHeightChanged: 317.0 34.0
-1.0 0.0
-1.0 -1.0
30.09.2014 00:28:04 [JavaFX Application Thread] DEBUG memo.view.CustomAccordion  - mainAccordionHeightChanged
30.09.2014 00:28:04 [JavaFX Application Thread] DEBUG memo.view.CustomAccordion  - mainAccordionHeightChanged: 317.0 35.0
-1.0 0.0
-1.0 -1.0
30.09.2014 00:28:04 [JavaFX Application Thread] DEBUG memo.view.CustomAccordion  - mainAccordionHeightChanged
30.09.2014 00:28:04 [JavaFX Application Thread] DEBUG memo.view.CustomAccordion  - mainAccordionHeightChanged: 317.0 38.0
-1.0 0.0
-1.0 -1.0
30.09.2014 00:28:04 [JavaFX Application Thread] DEBUG memo.view.CustomAccordion  - mainAccordionHeightChanged
30.09.2014 00:28:04 [JavaFX Application Thread] DEBUG memo.view.CustomAccordion  - mainAccordionHeightChanged: 317.0 42.0
-1.0 0.0
-1.0 -1.0
30.09.2014 00:28:04 [JavaFX Application Thread] DEBUG memo.view.CustomAccordion  - mainAccordionHeightChanged
30.09.2014 00:28:04 [JavaFX Application Thread] DEBUG memo.view.CustomAccordion  - mainAccordionHeightChanged: 317.0 45.0
-1.0 0.0
-1.0 -1.0
30.09.2014 00:28:04 [JavaFX Application Thread] DEBUG memo.view.CustomAccordion  - mainAccordionHeightChanged
30.09.2014 00:28:04 [JavaFX Application Thread] DEBUG memo.view.CustomAccordion  - mainAccordionHeightChanged: 317.0 69.0
-1.0 0.0
-1.0 -1.0
30.09.2014 00:28:04 [JavaFX Application Thread] DEBUG memo.view.CustomAccordion  - mainAccordionHeightChanged
30.09.2014 00:28:04 [JavaFX Application Thread] DEBUG memo.view.CustomAccordion  - mainAccordionHeightChanged: 317.0 73.0
-1.0 0.0
-1.0 -1.0
30.09.2014 00:28:04 [JavaFX Application Thread] DEBUG memo.view.CustomAccordion  - mainAccordionHeightChanged
30.09.2014 00:28:04 [JavaFX Application Thread] DEBUG memo.view.CustomAccordion  - mainAccordionHeightChanged: 317.0 76.0
-1.0 0.0
-1.0 -1.0
30.09.2014 00:28:04 [JavaFX Application Thread] DEBUG memo.view.CustomAccordion  - mainAccordionHeightChanged
30.09.2014 00:28:04 [JavaFX Application Thread] DEBUG memo.view.CustomAccordion  - mainAccordionHeightChanged: 317.0 80.0
-1.0 0.0
-1.0 -1.0
30.09.2014 00:28:04 [JavaFX Application Thread] DEBUG memo.view.CustomAccordion  - mainAccordionHeightChanged
30.09.2014 00:28:04 [JavaFX Application Thread] DEBUG memo.view.CustomAccordion  - mainAccordionHeightChanged: 317.0 83.0
-1.0 0.0
-1.0 -1.0
30.09.2014 00:28:04 [JavaFX Application Thread] DEBUG memo.view.CustomAccordion  - mainAccordionHeightChanged
30.09.2014 00:28:04 [JavaFX Application Thread] DEBUG memo.view.CustomAccordion  - mainAccordionHeightChanged: 317.0 86.0
-1.0 0.0
-1.0 -1.0
30.09.2014 00:28:04 [JavaFX Application Thread] DEBUG memo.view.CustomAccordion  - mainAccordionHeightChanged
30.09.2014 00:28:04 [JavaFX Application Thread] DEBUG memo.view.CustomAccordion  - mainAccordionHeightChanged: 317.0 90.0
-1.0 0.0
-1.0 -1.0
30.09.2014 00:28:04 [JavaFX Application Thread] DEBUG memo.view.CustomAccordion  - mainAccordionHeightChanged
30.09.2014 00:28:04 [JavaFX Application Thread] DEBUG memo.view.CustomAccordion  - mainAccordionHeightChanged: 317.0 93.0
-1.0 0.0
-1.0 -1.0
30.09.2014 00:28:04 [JavaFX Application Thread] DEBUG memo.view.CustomAccordion  - mainAccordionHeightChanged
30.09.2014 00:28:04 [JavaFX Application Thread] DEBUG memo.view.CustomAccordion  - mainAccordionHeightChanged: 317.0 97.0
-1.0 0.0
-1.0 -1.0
30.09.2014 00:28:04 [JavaFX Application Thread] DEBUG memo.view.CustomAccordion  - mainAccordionHeightChanged
30.09.2014 00:28:04 [JavaFX Application Thread] DEBUG memo.view.CustomAccordion  - mainAccordionHeightChanged: 317.0 100.0
-1.0 0.0
-1.0 -1.0
30.09.2014 00:28:06 [JavaFX Application Thread] DEBUG memo.view.CustomAccordion  - removeSection
30.09.2014 00:28:06 [JavaFX Application Thread] DEBUG memo.view.CustomAccordion  - sectionSelected
30.09.2014 00:30:59 [JavaFX Application Thread] DEBUG memo.view.CustomAccordion  - addSelectedSectionListener
30.09.2014 00:30:59 [JavaFX Application Thread] DEBUG memo.view.CustomAccordion  - addMainAccordionHeightListener
30.09.2014 00:30:59 [JavaFX Application Thread] DEBUG memo.view.CustomAccordion  - handleAddSectionButtonClick
30.09.2014 00:31:14 [JavaFX Application Thread] DEBUG memo.view.CustomAccordion  - showUserCards
30.09.2014 00:31:14 [JavaFX Application Thread] DEBUG memo.view.CustomAccordion  - addSection
30.09.2014 00:31:14 [JavaFX Application Thread] DEBUG memo.view.CustomAccordion  - addSectionAccordionHeightListener
30.09.2014 00:31:14 [JavaFX Application Thread] DEBUG memo.view.CustomAccordion  - setSectionScrollPaneLook
30.09.2014 00:31:14 [JavaFX Application Thread] DEBUG memo.view.CustomAccordion  - setSectionVBoxLook
30.09.2014 00:31:14 [JavaFX Application Thread] DEBUG memo.view.CustomAccordion  - setSectionPaneLook
30.09.2014 00:31:14 [JavaFX Application Thread] DEBUG memo.view.CustomAccordion  - initSectionCheckBox
30.09.2014 00:31:14 [JavaFX Application Thread] DEBUG memo.view.CustomAccordion  - addCheckBox
30.09.2014 00:31:14 [JavaFX Application Thread] DEBUG memo.view.CustomAccordion  - handleSectionCheckBoxClick
30.09.2014 00:31:14 [JavaFX Application Thread] DEBUG memo.view.CustomAccordion  - sectionSelected
30.09.2014 00:31:14 [JavaFX Application Thread] DEBUG memo.view.CustomAccordion  - addSelectedCardSetListener
30.09.2014 00:31:14 [JavaFX Application Thread] DEBUG memo.view.CustomAccordion  - addCardSetButton
30.09.2014 00:31:14 [JavaFX Application Thread] DEBUG memo.view.CustomAccordion  - setAddCardSetButtonLook
30.09.2014 00:31:14 [JavaFX Application Thread] DEBUG memo.view.CustomAccordion  - handleAddCardSetButtonClick
30.09.2014 00:31:14 [JavaFX Application Thread] DEBUG memo.view.CustomAccordion  - addCardSet
30.09.2014 00:31:14 [JavaFX Application Thread] DEBUG memo.view.CustomAccordion  - getSectionAccordion
30.09.2014 00:31:14 [JavaFX Application Thread] DEBUG memo.view.CustomAccordion  - setCardSetListViewLook
30.09.2014 00:31:14 [JavaFX Application Thread] DEBUG memo.view.CustomAccordion  - setCardSetVBoxLook
30.09.2014 00:31:14 [JavaFX Application Thread] DEBUG memo.view.CustomAccordion  - setCardSetPaneLook
30.09.2014 00:31:14 [JavaFX Application Thread] DEBUG memo.view.CustomAccordion  - addSelectedCardListener
30.09.2014 00:31:14 [JavaFX Application Thread] DEBUG memo.view.CustomAccordion  - initCardSetCheckBox
30.09.2014 00:31:14 [JavaFX Application Thread] DEBUG memo.view.CustomAccordion  - getSectionAccordion
30.09.2014 00:31:14 [JavaFX Application Thread] DEBUG memo.view.CustomAccordion  - addCheckBox
30.09.2014 00:31:14 [JavaFX Application Thread] DEBUG memo.view.CustomAccordion  - handleCardSetCheckBoxClick
30.09.2014 00:31:14 [JavaFX Application Thread] DEBUG memo.view.CustomAccordion  - initCardListCheckBoxes
30.09.2014 00:31:14 [JavaFX Application Thread] DEBUG memo.view.CustomAccordion  - setCardSetListViewCellFactory
30.09.2014 00:31:14 [JavaFX Application Thread] DEBUG memo.view.CustomAccordion  - addCardButton
30.09.2014 00:31:14 [JavaFX Application Thread] DEBUG memo.view.CustomAccordion  - setAddCardButtonLook
30.09.2014 00:31:14 [JavaFX Application Thread] DEBUG memo.view.CustomAccordion  - handleAddCardButtonClick
30.09.2014 00:31:14 [JavaFX Application Thread] DEBUG memo.view.CustomAccordion  - addCardSet
30.09.2014 00:31:14 [JavaFX Application Thread] DEBUG memo.view.CustomAccordion  - getSectionAccordion
30.09.2014 00:31:14 [JavaFX Application Thread] DEBUG memo.view.CustomAccordion  - setCardSetListViewLook
30.09.2014 00:31:14 [JavaFX Application Thread] DEBUG memo.view.CustomAccordion  - setCardSetVBoxLook
30.09.2014 00:31:14 [JavaFX Application Thread] DEBUG memo.view.CustomAccordion  - setCardSetPaneLook
30.09.2014 00:31:14 [JavaFX Application Thread] DEBUG memo.view.CustomAccordion  - addSelectedCardListener
30.09.2014 00:31:14 [JavaFX Application Thread] DEBUG memo.view.CustomAccordion  - initCardSetCheckBox
30.09.2014 00:31:14 [JavaFX Application Thread] DEBUG memo.view.CustomAccordion  - getSectionAccordion
30.09.2014 00:31:14 [JavaFX Application Thread] DEBUG memo.view.CustomAccordion  - addCheckBox
30.09.2014 00:31:14 [JavaFX Application Thread] DEBUG memo.view.CustomAccordion  - handleCardSetCheckBoxClick
30.09.2014 00:31:14 [JavaFX Application Thread] DEBUG memo.view.CustomAccordion  - initCardListCheckBoxes
30.09.2014 00:31:14 [JavaFX Application Thread] DEBUG memo.view.CustomAccordion  - setCardSetListViewCellFactory
30.09.2014 00:31:14 [JavaFX Application Thread] DEBUG memo.view.CustomAccordion  - addCardButton
30.09.2014 00:31:14 [JavaFX Application Thread] DEBUG memo.view.CustomAccordion  - setAddCardButtonLook
30.09.2014 00:31:14 [JavaFX Application Thread] DEBUG memo.view.CustomAccordion  - handleAddCardButtonClick
30.09.2014 00:31:14 [JavaFX Application Thread] DEBUG memo.view.CustomAccordion  - mainAccordionHeightChanged
30.09.2014 00:31:14 [JavaFX Application Thread] DEBUG memo.view.CustomAccordion  - sectionAccordionHeightChanged
30.09.2014 00:31:14 [JavaFX Application Thread] DEBUG memo.view.CustomAccordion  - mainAccordionHeightChanged: 324.0 50.0
-1.0 0.0
-1.0 -1.0
-1.0 -1.0
30.09.2014 00:31:14 [JavaFX Application Thread] DEBUG memo.view.CustomAccordion  - mainAccordionHeightChanged
30.09.2014 00:31:14 [JavaFX Application Thread] DEBUG memo.view.CustomAccordion  - mainAccordionHeightChanged: 318.0 100.0
-1.0 0.0
-1.0 -1.0
-1.0 -1.0
30.09.2014 00:31:15 [JavaFX Application Thread] DEBUG memo.view.CustomAccordion  - sectionSelected
30.09.2014 00:31:15 [JavaFX Application Thread] DEBUG memo.view.CustomAccordion  - mainAccordionHeightChanged
30.09.2014 00:31:15 [JavaFX Application Thread] DEBUG memo.view.CustomAccordion  - mainAccordionHeightChanged: 330.0 96.0
-1.0 0.0
-1.0 -1.0
-1.0 -1.0
30.09.2014 00:31:15 [JavaFX Application Thread] DEBUG memo.view.CustomAccordion  - mainAccordionHeightChanged
30.09.2014 00:31:15 [JavaFX Application Thread] DEBUG memo.view.CustomAccordion  - mainAccordionHeightChanged: 330.0 94.0
-1.0 0.0
-1.0 -1.0
-1.0 -1.0
30.09.2014 00:31:15 [JavaFX Application Thread] DEBUG memo.view.CustomAccordion  - mainAccordionHeightChanged
30.09.2014 00:31:15 [JavaFX Application Thread] DEBUG memo.view.CustomAccordion  - mainAccordionHeightChanged: 330.0 93.0
-1.0 0.0
-1.0 -1.0
-1.0 -1.0
30.09.2014 00:31:15 [JavaFX Application Thread] DEBUG memo.view.CustomAccordion  - mainAccordionHeightChanged
30.09.2014 00:31:15 [JavaFX Application Thread] DEBUG memo.view.CustomAccordion  - mainAccordionHeightChanged: 330.0 89.0
-1.0 0.0
-1.0 -1.0
-1.0 -1.0
30.09.2014 00:31:15 [JavaFX Application Thread] DEBUG memo.view.CustomAccordion  - mainAccordionHeightChanged
30.09.2014 00:31:15 [JavaFX Application Thread] DEBUG memo.view.CustomAccordion  - mainAccordionHeightChanged: 330.0 86.0
-1.0 0.0
-1.0 -1.0
-1.0 -1.0
30.09.2014 00:31:15 [JavaFX Application Thread] DEBUG memo.view.CustomAccordion  - mainAccordionHeightChanged
30.09.2014 00:31:15 [JavaFX Application Thread] DEBUG memo.view.CustomAccordion  - mainAccordionHeightChanged: 330.0 83.0
-1.0 0.0
-1.0 -1.0
-1.0 -1.0
30.09.2014 00:31:15 [JavaFX Application Thread] DEBUG memo.view.CustomAccordion  - mainAccordionHeightChanged
30.09.2014 00:31:15 [JavaFX Application Thread] DEBUG memo.view.CustomAccordion  - mainAccordionHeightChanged: 330.0 79.0
-1.0 0.0
-1.0 -1.0
-1.0 -1.0
30.09.2014 00:31:15 [JavaFX Application Thread] DEBUG memo.view.CustomAccordion  - mainAccordionHeightChanged
30.09.2014 00:31:15 [JavaFX Application Thread] DEBUG memo.view.CustomAccordion  - mainAccordionHeightChanged: 330.0 76.0
-1.0 0.0
-1.0 -1.0
-1.0 -1.0
30.09.2014 00:31:15 [JavaFX Application Thread] DEBUG memo.view.CustomAccordion  - mainAccordionHeightChanged
30.09.2014 00:31:15 [JavaFX Application Thread] DEBUG memo.view.CustomAccordion  - mainAccordionHeightChanged: 330.0 72.0
-1.0 0.0
-1.0 -1.0
-1.0 -1.0
30.09.2014 00:31:15 [JavaFX Application Thread] DEBUG memo.view.CustomAccordion  - mainAccordionHeightChanged
30.09.2014 00:31:15 [JavaFX Application Thread] DEBUG memo.view.CustomAccordion  - mainAccordionHeightChanged: 330.0 69.0
-1.0 0.0
-1.0 -1.0
-1.0 -1.0
30.09.2014 00:31:15 [JavaFX Application Thread] DEBUG memo.view.CustomAccordion  - mainAccordionHeightChanged
30.09.2014 00:31:15 [JavaFX Application Thread] DEBUG memo.view.CustomAccordion  - mainAccordionHeightChanged: 330.0 65.0
-1.0 0.0
-1.0 -1.0
-1.0 -1.0
30.09.2014 00:31:15 [JavaFX Application Thread] DEBUG memo.view.CustomAccordion  - mainAccordionHeightChanged
30.09.2014 00:31:15 [JavaFX Application Thread] DEBUG memo.view.CustomAccordion  - mainAccordionHeightChanged: 330.0 62.0
-1.0 0.0
-1.0 -1.0
-1.0 -1.0
30.09.2014 00:31:15 [JavaFX Application Thread] DEBUG memo.view.CustomAccordion  - mainAccordionHeightChanged
30.09.2014 00:31:15 [JavaFX Application Thread] DEBUG memo.view.CustomAccordion  - mainAccordionHeightChanged: 330.0 59.0
-1.0 0.0
-1.0 -1.0
-1.0 -1.0
30.09.2014 00:31:15 [JavaFX Application Thread] DEBUG memo.view.CustomAccordion  - mainAccordionHeightChanged
30.09.2014 00:31:15 [JavaFX Application Thread] DEBUG memo.view.CustomAccordion  - mainAccordionHeightChanged: 330.0 55.0
-1.0 0.0
-1.0 -1.0
-1.0 -1.0
30.09.2014 00:31:15 [JavaFX Application Thread] DEBUG memo.view.CustomAccordion  - mainAccordionHeightChanged
30.09.2014 00:31:15 [JavaFX Application Thread] DEBUG memo.view.CustomAccordion  - mainAccordionHeightChanged: 330.0 52.0
-1.0 0.0
-1.0 -1.0
-1.0 -1.0
30.09.2014 00:31:15 [JavaFX Application Thread] DEBUG memo.view.CustomAccordion  - mainAccordionHeightChanged
30.09.2014 00:31:15 [JavaFX Application Thread] DEBUG memo.view.CustomAccordion  - mainAccordionHeightChanged: 330.0 48.0
-1.0 0.0
-1.0 -1.0
-1.0 -1.0
30.09.2014 00:31:15 [JavaFX Application Thread] DEBUG memo.view.CustomAccordion  - mainAccordionHeightChanged
30.09.2014 00:31:15 [JavaFX Application Thread] DEBUG memo.view.CustomAccordion  - mainAccordionHeightChanged: 330.0 45.0
-1.0 0.0
-1.0 -1.0
-1.0 -1.0
30.09.2014 00:31:15 [JavaFX Application Thread] DEBUG memo.view.CustomAccordion  - mainAccordionHeightChanged
30.09.2014 00:31:15 [JavaFX Application Thread] DEBUG memo.view.CustomAccordion  - mainAccordionHeightChanged: 330.0 42.0
-1.0 0.0
-1.0 -1.0
-1.0 -1.0
30.09.2014 00:31:15 [JavaFX Application Thread] DEBUG memo.view.CustomAccordion  - mainAccordionHeightChanged
30.09.2014 00:31:15 [JavaFX Application Thread] DEBUG memo.view.CustomAccordion  - mainAccordionHeightChanged: 330.0 38.0
-1.0 0.0
-1.0 -1.0
-1.0 -1.0
30.09.2014 00:31:15 [JavaFX Application Thread] DEBUG memo.view.CustomAccordion  - mainAccordionHeightChanged
30.09.2014 00:31:15 [JavaFX Application Thread] DEBUG memo.view.CustomAccordion  - mainAccordionHeightChanged: 330.0 31.0
-1.0 0.0
-1.0 -1.0
-1.0 -1.0
30.09.2014 00:31:15 [JavaFX Application Thread] DEBUG memo.view.CustomAccordion  - mainAccordionHeightChanged
30.09.2014 00:31:15 [JavaFX Application Thread] DEBUG memo.view.CustomAccordion  - mainAccordionHeightChanged: 330.0 28.0
-1.0 0.0
-1.0 -1.0
-1.0 -1.0
30.09.2014 00:31:15 [JavaFX Application Thread] DEBUG memo.view.CustomAccordion  - mainAccordionHeightChanged
30.09.2014 00:31:15 [JavaFX Application Thread] DEBUG memo.view.CustomAccordion  - mainAccordionHeightChanged: 330.0 25.0
-1.0 0.0
-1.0 -1.0
-1.0 -1.0
30.09.2014 00:31:15 [JavaFX Application Thread] DEBUG memo.view.CustomAccordion  - sectionSelected
30.09.2014 00:31:15 [JavaFX Application Thread] DEBUG memo.view.CustomAccordion  - mainAccordionHeightChanged
30.09.2014 00:31:15 [JavaFX Application Thread] DEBUG memo.view.CustomAccordion  - mainAccordionHeightChanged: 324.0 28.0
-1.0 0.0
-1.0 -1.0
-1.0 -1.0
30.09.2014 00:31:15 [JavaFX Application Thread] DEBUG memo.view.CustomAccordion  - mainAccordionHeightChanged
30.09.2014 00:31:15 [JavaFX Application Thread] DEBUG memo.view.CustomAccordion  - mainAccordionHeightChanged: 318.0 31.0
-1.0 0.0
-1.0 -1.0
-1.0 -1.0
30.09.2014 00:31:15 [JavaFX Application Thread] DEBUG memo.view.CustomAccordion  - mainAccordionHeightChanged
30.09.2014 00:31:15 [JavaFX Application Thread] DEBUG memo.view.CustomAccordion  - mainAccordionHeightChanged: 317.0 35.0
-1.0 0.0
-1.0 -1.0
-1.0 -1.0
30.09.2014 00:31:15 [JavaFX Application Thread] DEBUG memo.view.CustomAccordion  - mainAccordionHeightChanged
30.09.2014 00:31:15 [JavaFX Application Thread] DEBUG memo.view.CustomAccordion  - mainAccordionHeightChanged: 317.0 38.0
-1.0 0.0
-1.0 -1.0
-1.0 -1.0
30.09.2014 00:31:15 [JavaFX Application Thread] DEBUG memo.view.CustomAccordion  - mainAccordionHeightChanged
30.09.2014 00:31:15 [JavaFX Application Thread] DEBUG memo.view.CustomAccordion  - mainAccordionHeightChanged: 317.0 42.0
-1.0 0.0
-1.0 -1.0
-1.0 -1.0
30.09.2014 00:31:15 [JavaFX Application Thread] DEBUG memo.view.CustomAccordion  - mainAccordionHeightChanged
30.09.2014 00:31:15 [JavaFX Application Thread] DEBUG memo.view.CustomAccordion  - mainAccordionHeightChanged: 317.0 45.0
-1.0 0.0
-1.0 -1.0
-1.0 -1.0
30.09.2014 00:31:15 [JavaFX Application Thread] DEBUG memo.view.CustomAccordion  - mainAccordionHeightChanged
30.09.2014 00:31:15 [JavaFX Application Thread] DEBUG memo.view.CustomAccordion  - mainAccordionHeightChanged: 317.0 49.0
-1.0 0.0
-1.0 -1.0
-1.0 -1.0
30.09.2014 00:31:15 [JavaFX Application Thread] DEBUG memo.view.CustomAccordion  - mainAccordionHeightChanged
30.09.2014 00:31:15 [JavaFX Application Thread] DEBUG memo.view.CustomAccordion  - mainAccordionHeightChanged: 317.0 52.0
-1.0 0.0
-1.0 -1.0
-1.0 -1.0
30.09.2014 00:31:15 [JavaFX Application Thread] DEBUG memo.view.CustomAccordion  - mainAccordionHeightChanged
30.09.2014 00:31:16 [JavaFX Application Thread] DEBUG memo.view.CustomAccordion  - mainAccordionHeightChanged: 317.0 56.0
-1.0 0.0
-1.0 -1.0
-1.0 -1.0
30.09.2014 00:31:16 [JavaFX Application Thread] DEBUG memo.view.CustomAccordion  - mainAccordionHeightChanged
30.09.2014 00:31:16 [JavaFX Application Thread] DEBUG memo.view.CustomAccordion  - mainAccordionHeightChanged: 317.0 59.0
-1.0 0.0
-1.0 -1.0
-1.0 -1.0
30.09.2014 00:31:16 [JavaFX Application Thread] DEBUG memo.view.CustomAccordion  - mainAccordionHeightChanged
30.09.2014 00:31:16 [JavaFX Application Thread] DEBUG memo.view.CustomAccordion  - mainAccordionHeightChanged: 317.0 62.0
-1.0 0.0
-1.0 -1.0
-1.0 -1.0
30.09.2014 00:31:16 [JavaFX Application Thread] DEBUG memo.view.CustomAccordion  - mainAccordionHeightChanged
30.09.2014 00:31:16 [JavaFX Application Thread] DEBUG memo.view.CustomAccordion  - mainAccordionHeightChanged: 317.0 66.0
-1.0 0.0
-1.0 -1.0
-1.0 -1.0
30.09.2014 00:31:16 [JavaFX Application Thread] DEBUG memo.view.CustomAccordion  - mainAccordionHeightChanged
30.09.2014 00:31:16 [JavaFX Application Thread] DEBUG memo.view.CustomAccordion  - mainAccordionHeightChanged: 317.0 69.0
-1.0 0.0
-1.0 -1.0
-1.0 -1.0
30.09.2014 00:31:16 [JavaFX Application Thread] DEBUG memo.view.CustomAccordion  - mainAccordionHeightChanged
30.09.2014 00:31:16 [JavaFX Application Thread] DEBUG memo.view.CustomAccordion  - mainAccordionHeightChanged: 317.0 73.0
-1.0 0.0
-1.0 -1.0
-1.0 -1.0
30.09.2014 00:31:16 [JavaFX Application Thread] DEBUG memo.view.CustomAccordion  - mainAccordionHeightChanged
30.09.2014 00:31:16 [JavaFX Application Thread] DEBUG memo.view.CustomAccordion  - mainAccordionHeightChanged: 317.0 76.0
-1.0 0.0
-1.0 -1.0
-1.0 -1.0
30.09.2014 00:31:16 [JavaFX Application Thread] DEBUG memo.view.CustomAccordion  - mainAccordionHeightChanged
30.09.2014 00:31:16 [JavaFX Application Thread] DEBUG memo.view.CustomAccordion  - mainAccordionHeightChanged: 317.0 80.0
-1.0 0.0
-1.0 -1.0
-1.0 -1.0
30.09.2014 00:31:16 [JavaFX Application Thread] DEBUG memo.view.CustomAccordion  - mainAccordionHeightChanged
30.09.2014 00:31:16 [JavaFX Application Thread] DEBUG memo.view.CustomAccordion  - mainAccordionHeightChanged: 317.0 83.0
-1.0 0.0
-1.0 -1.0
-1.0 -1.0
30.09.2014 00:31:16 [JavaFX Application Thread] DEBUG memo.view.CustomAccordion  - mainAccordionHeightChanged
30.09.2014 00:31:16 [JavaFX Application Thread] DEBUG memo.view.CustomAccordion  - mainAccordionHeightChanged: 317.0 86.0
-1.0 0.0
-1.0 -1.0
-1.0 -1.0
30.09.2014 00:31:16 [JavaFX Application Thread] DEBUG memo.view.CustomAccordion  - mainAccordionHeightChanged
30.09.2014 00:31:16 [JavaFX Application Thread] DEBUG memo.view.CustomAccordion  - mainAccordionHeightChanged: 317.0 93.0
-1.0 0.0
-1.0 -1.0
-1.0 -1.0
30.09.2014 00:31:16 [JavaFX Application Thread] DEBUG memo.view.CustomAccordion  - mainAccordionHeightChanged
30.09.2014 00:31:16 [JavaFX Application Thread] DEBUG memo.view.CustomAccordion  - mainAccordionHeightChanged: 317.0 100.0
-1.0 0.0
-1.0 -1.0
-1.0 -1.0
30.09.2014 00:31:17 [JavaFX Application Thread] DEBUG memo.view.CustomAccordion  - removeSection
30.09.2014 00:31:17 [JavaFX Application Thread] DEBUG memo.view.CustomAccordion  - sectionSelected
30.09.2014 00:31:17 [JavaFX Application Thread] DEBUG memo.view.CustomAccordion  - mainAccordionHeightChanged
30.09.2014 00:31:17 [JavaFX Application Thread] DEBUG memo.view.CustomAccordion  - mainAccordionHeightChanged: 330.0 98.0
-1.0 0.0
-1.0 -1.0
-1.0 -1.0
30.09.2014 00:34:31 [JavaFX Application Thread] DEBUG memo.view.CustomAccordion  - addSectionButtonClicked
30.09.2014 00:34:31 [JavaFX Application Thread] DEBUG memo.view.CustomAccordion  - addSection
30.09.2014 00:34:31 [JavaFX Application Thread] DEBUG memo.view.CustomAccordion  - addSectionAccordionHeightListener
30.09.2014 00:34:31 [JavaFX Application Thread] DEBUG memo.view.CustomAccordion  - setSectionScrollPaneLook
30.09.2014 00:34:31 [JavaFX Application Thread] DEBUG memo.view.CustomAccordion  - setSectionVBoxLook
30.09.2014 00:34:31 [JavaFX Application Thread] DEBUG memo.view.CustomAccordion  - setSectionPaneLook
30.09.2014 00:34:31 [JavaFX Application Thread] DEBUG memo.view.CustomAccordion  - initSectionCheckBox
30.09.2014 00:34:31 [JavaFX Application Thread] DEBUG memo.view.CustomAccordion  - addCheckBox
30.09.2014 00:34:31 [JavaFX Application Thread] DEBUG memo.view.CustomAccordion  - handleSectionCheckBoxClick
30.09.2014 00:34:31 [JavaFX Application Thread] DEBUG memo.view.CustomAccordion  - sectionSelected
30.09.2014 00:34:31 [JavaFX Application Thread] DEBUG memo.view.CustomAccordion  - addSelectedCardSetListener
30.09.2014 00:34:31 [JavaFX Application Thread] DEBUG memo.view.CustomAccordion  - addCardSetButton
30.09.2014 00:34:31 [JavaFX Application Thread] DEBUG memo.view.CustomAccordion  - setAddCardSetButtonLook
30.09.2014 00:34:31 [JavaFX Application Thread] DEBUG memo.view.CustomAccordion  - handleAddCardSetButtonClick
30.09.2014 00:34:32 [JavaFX Application Thread] DEBUG memo.view.CustomAccordion  - mainAccordionHeightChanged
30.09.2014 00:34:32 [JavaFX Application Thread] DEBUG memo.view.CustomAccordion  - mainAccordionHeightChanged: 330.0 50.0
-1.0 0.0
-1.0 -1.0
-1.0 -1.0
